  admin.c
D:\codefiles\ISMS-Team_repo\ISMS-BUPT-International College Term Project\Inc\StructDef.h(1,1): warning C4819: 该文件包含不能在当前代码页(936)中表示的字符。请将该文件保存为 Unicode 格式以防止数据丢失
D:\codefiles\ISMS-Team_repo\ISMS-BUPT-International College Term Project\Src\DataToolKit.c(1,1): warning C4819: 该文件包含不能在当前代码页(936)中表示的字符。请将该文件保存为 Unicode 格式以防止数据丢失
D:\codefiles\ISMS-Team_repo\ISMS-BUPT-International College Term Project\Inc\StructDef.h(1,1): warning C4819: 该文件包含不能在当前代码页(936)中表示的字符。请将该文件保存为 Unicode 格式以防止数据丢失
D:\codefiles\ISMS-Team_repo\ISMS-BUPT-International College Term Project\Inc\StructDef.h(23,1): error C2011: “_UserInfo”:“struct”类型重定义
D:\codefiles\ISMS-Team_repo\ISMS-BUPT-International College Term Project\Inc\StructDef.h(22,16): message : 参见“_UserInfo”的声明
D:\codefiles\ISMS-Team_repo\ISMS-BUPT-International College Term Project\Inc\StructDef.h(38,1): error C2011: “_UserInfoNode”:“struct”类型重定义
D:\codefiles\ISMS-Team_repo\ISMS-BUPT-International College Term Project\Inc\StructDef.h(37,16): message : 参见“_UserInfoNode”的声明
D:\codefiles\ISMS-Team_repo\ISMS-BUPT-International College Term Project\Inc\StructDef.h(47,1): error C2011: “_AdminInfo”:“struct”类型重定义
D:\codefiles\ISMS-Team_repo\ISMS-BUPT-International College Term Project\Inc\StructDef.h(46,16): message : 参见“_AdminInfo”的声明
D:\codefiles\ISMS-Team_repo\ISMS-BUPT-International College Term Project\Inc\StructDef.h(59,1): error C2011: “_AdminInfoNode”:“struct”类型重定义
D:\codefiles\ISMS-Team_repo\ISMS-BUPT-International College Term Project\Inc\StructDef.h(58,16): message : 参见“_AdminInfoNode”的声明
D:\codefiles\ISMS-Team_repo\ISMS-BUPT-International College Term Project\Inc\StructDef.h(68,1): error C2011: “_SiteInfo”:“struct”类型重定义
D:\codefiles\ISMS-Team_repo\ISMS-BUPT-International College Term Project\Inc\StructDef.h(67,16): message : 参见“_SiteInfo”的声明
D:\codefiles\ISMS-Team_repo\ISMS-BUPT-International College Term Project\Inc\StructDef.h(82,1): error C2011: “_SiteInfoNode”:“struct”类型重定义
D:\codefiles\ISMS-Team_repo\ISMS-BUPT-International College Term Project\Inc\StructDef.h(81,16): message : 参见“_SiteInfoNode”的声明
D:\codefiles\ISMS-Team_repo\ISMS-BUPT-International College Term Project\Inc\StructDef.h(91,1): error C2011: “_AppointmentInfo”:“struct”类型重定义
D:\codefiles\ISMS-Team_repo\ISMS-BUPT-International College Term Project\Inc\StructDef.h(90,16): message : 参见“_AppointmentInfo”的声明
D:\codefiles\ISMS-Team_repo\ISMS-BUPT-International College Term Project\Inc\StructDef.h(104,1): error C2011: “_AppointmentInfoNode”:“struct”类型重定义
D:\codefiles\ISMS-Team_repo\ISMS-BUPT-International College Term Project\Inc\StructDef.h(103,16): message : 参见“_AppointmentInfoNode”的声明
D:\codefiles\ISMS-Team_repo\ISMS-BUPT-International College Term Project\Src\DataToolKit.c(94,15): error C4996: 'fopen': This function or variable may be unsafe. Consider using fopen_s instead. To disable deprecation, use _CRT_SECURE_NO_WARNINGS. See online help for details.
D:\codefiles\ISMS-Team_repo\ISMS-BUPT-International College Term Project\Src\DataToolKit.c(113,15): error C4996: 'fopen': This function or variable may be unsafe. Consider using fopen_s instead. To disable deprecation, use _CRT_SECURE_NO_WARNINGS. See online help for details.
D:\codefiles\ISMS-Team_repo\ISMS-BUPT-International College Term Project\Src\DataToolKit.c(247,15): error C4996: 'fopen': This function or variable may be unsafe. Consider using fopen_s instead. To disable deprecation, use _CRT_SECURE_NO_WARNINGS. See online help for details.
D:\codefiles\ISMS-Team_repo\ISMS-BUPT-International College Term Project\Src\DataToolKit.c(266,15): error C4996: 'fopen': This function or variable may be unsafe. Consider using fopen_s instead. To disable deprecation, use _CRT_SECURE_NO_WARNINGS. See online help for details.
D:\codefiles\ISMS-Team_repo\ISMS-BUPT-International College Term Project\Src\DataToolKit.c(399,15): error C4996: 'fopen': This function or variable may be unsafe. Consider using fopen_s instead. To disable deprecation, use _CRT_SECURE_NO_WARNINGS. See online help for details.
D:\codefiles\ISMS-Team_repo\ISMS-BUPT-International College Term Project\Src\DataToolKit.c(418,15): error C4996: 'fopen': This function or variable may be unsafe. Consider using fopen_s instead. To disable deprecation, use _CRT_SECURE_NO_WARNINGS. See online help for details.
D:\codefiles\ISMS-Team_repo\ISMS-BUPT-International College Term Project\Src\DataToolKit.c(534,15): error C4996: 'fopen': This function or variable may be unsafe. Consider using fopen_s instead. To disable deprecation, use _CRT_SECURE_NO_WARNINGS. See online help for details.
D:\codefiles\ISMS-Team_repo\ISMS-BUPT-International College Term Project\Src\DataToolKit.c(553,15): error C4996: 'fopen': This function or variable may be unsafe. Consider using fopen_s instead. To disable deprecation, use _CRT_SECURE_NO_WARNINGS. See online help for details.
D:\codefiles\ISMS-Team_repo\ISMS-BUPT-International College Term Project\Src\admin.c(259,41): warning C4133: “函数”: 从“AdminInfoNode *”到“AppointmentInfoNode *”的类型不兼容
D:\codefiles\ISMS-Team_repo\ISMS-BUPT-International College Term Project\Src\admin.c(261,18): warning C4133: “函数”: 从“SiteInfo *”到“SiteInfo *”的类型不兼容
D:\codefiles\ISMS-Team_repo\ISMS-BUPT-International College Term Project\Src\admin.c(278,5): error C2084: 函数“int InsertToSiteInfo(SiteInfoNode *,SiteInfo)”已有主体
D:\codefiles\ISMS-Team_repo\ISMS-BUPT-International College Term Project\Src\DataToolKit.c(359,5): message : 参见“InsertToSiteInfo”的前一个定义
  DataToolkit.c
D:\codefiles\ISMS-Team_repo\ISMS-BUPT-International College Term Project\Src\DataToolkit.c(1,1): warning C4819: 该文件包含不能在当前代码页(936)中表示的字符。请将该文件保存为 Unicode 格式以防止数据丢失
D:\codefiles\ISMS-Team_repo\ISMS-BUPT-International College Term Project\Inc\StructDef.h(1,1): warning C4819: 该文件包含不能在当前代码页(936)中表示的字符。请将该文件保存为 Unicode 格式以防止数据丢失
D:\codefiles\ISMS-Team_repo\ISMS-BUPT-International College Term Project\Src\DataToolkit.c(94,15): error C4996: 'fopen': This function or variable may be unsafe. Consider using fopen_s instead. To disable deprecation, use _CRT_SECURE_NO_WARNINGS. See online help for details.
D:\codefiles\ISMS-Team_repo\ISMS-BUPT-International College Term Project\Src\DataToolkit.c(113,15): error C4996: 'fopen': This function or variable may be unsafe. Consider using fopen_s instead. To disable deprecation, use _CRT_SECURE_NO_WARNINGS. See online help for details.
D:\codefiles\ISMS-Team_repo\ISMS-BUPT-International College Term Project\Src\DataToolkit.c(247,15): error C4996: 'fopen': This function or variable may be unsafe. Consider using fopen_s instead. To disable deprecation, use _CRT_SECURE_NO_WARNINGS. See online help for details.
D:\codefiles\ISMS-Team_repo\ISMS-BUPT-International College Term Project\Src\DataToolkit.c(266,15): error C4996: 'fopen': This function or variable may be unsafe. Consider using fopen_s instead. To disable deprecation, use _CRT_SECURE_NO_WARNINGS. See online help for details.
D:\codefiles\ISMS-Team_repo\ISMS-BUPT-International College Term Project\Src\DataToolkit.c(399,15): error C4996: 'fopen': This function or variable may be unsafe. Consider using fopen_s instead. To disable deprecation, use _CRT_SECURE_NO_WARNINGS. See online help for details.
D:\codefiles\ISMS-Team_repo\ISMS-BUPT-International College Term Project\Src\DataToolkit.c(418,15): error C4996: 'fopen': This function or variable may be unsafe. Consider using fopen_s instead. To disable deprecation, use _CRT_SECURE_NO_WARNINGS. See online help for details.
D:\codefiles\ISMS-Team_repo\ISMS-BUPT-International College Term Project\Src\DataToolkit.c(534,15): error C4996: 'fopen': This function or variable may be unsafe. Consider using fopen_s instead. To disable deprecation, use _CRT_SECURE_NO_WARNINGS. See online help for details.
D:\codefiles\ISMS-Team_repo\ISMS-BUPT-International College Term Project\Src\DataToolkit.c(553,15): error C4996: 'fopen': This function or variable may be unsafe. Consider using fopen_s instead. To disable deprecation, use _CRT_SECURE_NO_WARNINGS. See online help for details.
  正在生成代码...
